Build started 27.11.2016 15:23:20.
     1>Project "C:\Users\алексей\Documents\Visual Studio 2013\Projects\CompGraphicsLab3\CompGraphicsLab3\CompGraphicsLab3.vcxproj" on node 2 (Build target(s)).
     1>ClCompile:
         C:\Program Files (x86)\Microsoft Visual Studio 12.0\VC\bin\CL.exe /c /I"C:\Users\алексей\Documents\Visual Studio 2013\Projects\CompGraphicsLab3\packages\nupengl.core.0.1.0.1\build\native\../..//build/native/include/" /ZI /nologo /W3 /WX- /sdl /Od /Oy- /D WIN32 /D _DEBUG /D _CONSOLE /D _LIB /D _UNICODE /D UNICODE /Gm /EHsc /RTC1 /MDd /GS /fp:precise /Zc:wchar_t /Zc:forScope /Fo"Debug\\" /Fd"Debug\vc120.pdb" /Gd /TP /analyze- /errorReport:prompt Main.cpp
         Main.cpp
     1>c:\users\алексей\documents\visual studio 2013\projects\compgraphicslab3\compgraphicslab3\main.cpp(68): warning C4244: 'argument' : conversion from 'double' to 'GLfloat', possible loss of data
     1>c:\users\алексей\documents\visual studio 2013\projects\compgraphicslab3\compgraphicslab3\main.cpp(79): warning C4244: 'argument' : conversion from 'int' to 'GLfloat', possible loss of data
     1>c:\users\алексей\documents\visual studio 2013\projects\compgraphicslab3\compgraphicslab3\main.cpp(82): warning C4244: 'argument' : conversion from 'int' to 'GLfloat', possible loss of data
     1>c:\users\алексей\documents\visual studio 2013\projects\compgraphicslab3\compgraphicslab3\main.cpp(85): warning C4244: 'argument' : conversion from 'int' to 'GLfloat', possible loss of data
     1>c:\users\алексей\documents\visual studio 2013\projects\compgraphicslab3\compgraphicslab3\main.cpp(88): warning C4244: 'argument' : conversion from 'int' to 'GLfloat', possible loss of data
     1>c:\users\алексей\documents\visual studio 2013\projects\compgraphicslab3\compgraphicslab3\main.cpp(101): warning C4244: 'argument' : conversion from 'int' to 'GLfloat', possible loss of data
     1>c:\users\алексей\documents\visual studio 2013\projects\compgraphicslab3\compgraphicslab3\main.cpp(104): warning C4244: 'argument' : conversion from 'int' to 'GLfloat', possible loss of data
     1>c:\users\алексей\documents\visual studio 2013\projects\compgraphicslab3\compgraphicslab3\main.cpp(107): warning C4244: 'argument' : conversion from 'int' to 'GLfloat', possible loss of data
     1>c:\users\алексей\documents\visual studio 2013\projects\compgraphicslab3\compgraphicslab3\main.cpp(110): warning C4244: 'argument' : conversion from 'int' to 'GLfloat', possible loss of data
     1>c:\users\алексей\documents\visual studio 2013\projects\compgraphicslab3\compgraphicslab3\main.cpp(125): warning C4244: 'argument' : conversion from 'int' to 'GLfloat', possible loss of data
     1>c:\users\алексей\documents\visual studio 2013\projects\compgraphicslab3\compgraphicslab3\main.cpp(128): warning C4244: 'argument' : conversion from 'int' to 'GLfloat', possible loss of data
     1>c:\users\алексей\documents\visual studio 2013\projects\compgraphicslab3\compgraphicslab3\main.cpp(131): warning C4244: 'argument' : conversion from 'int' to 'GLfloat', possible loss of data
     1>c:\users\алексей\documents\visual studio 2013\projects\compgraphicslab3\compgraphicslab3\main.cpp(134): warning C4244: 'argument' : conversion from 'int' to 'GLfloat', possible loss of data
     1>c:\users\алексей\documents\visual studio 2013\projects\compgraphicslab3\compgraphicslab3\main.cpp(149): warning C4244: 'argument' : conversion from 'int' to 'GLfloat', possible loss of data
     1>c:\users\алексей\documents\visual studio 2013\projects\compgraphicslab3\compgraphicslab3\main.cpp(152): warning C4244: 'argument' : conversion from 'int' to 'GLfloat', possible loss of data
     1>c:\users\алексей\documents\visual studio 2013\projects\compgraphicslab3\compgraphicslab3\main.cpp(155): warning C4244: 'argument' : conversion from 'int' to 'GLfloat', possible loss of data
     1>c:\users\алексей\documents\visual studio 2013\projects\compgraphicslab3\compgraphicslab3\main.cpp(158): warning C4244: 'argument' : conversion from 'int' to 'GLfloat', possible loss of data
     1>c:\users\алексей\documents\visual studio 2013\projects\compgraphicslab3\compgraphicslab3\main.cpp(166): warning C4244: 'argument' : conversion from 'int' to 'GLfloat', possible loss of data
     1>c:\users\алексей\documents\visual studio 2013\projects\compgraphicslab3\compgraphicslab3\main.cpp(167): warning C4244: 'argument' : conversion from 'int' to 'GLfloat', possible loss of data
     1>c:\users\алексей\documents\visual studio 2013\projects\compgraphicslab3\compgraphicslab3\main.cpp(168): warning C4244: 'argument' : conversion from 'int' to 'GLfloat', possible loss of data
     1>c:\users\алексей\documents\visual studio 2013\projects\compgraphicslab3\compgraphicslab3\main.cpp(169): warning C4244: 'argument' : conversion from 'int' to 'GLfloat', possible loss of data
     1>c:\users\алексей\documents\visual studio 2013\projects\compgraphicslab3\compgraphicslab3\main.cpp(176): warning C4244: 'argument' : conversion from 'int' to 'GLfloat', possible loss of data
     1>c:\users\алексей\documents\visual studio 2013\projects\compgraphicslab3\compgraphicslab3\main.cpp(177): warning C4244: 'argument' : conversion from 'int' to 'GLfloat', possible loss of data
     1>c:\users\алексей\documents\visual studio 2013\projects\compgraphicslab3\compgraphicslab3\main.cpp(178): warning C4244: 'argument' : conversion from 'int' to 'GLfloat', possible loss of data
     1>c:\users\алексей\documents\visual studio 2013\projects\compgraphicslab3\compgraphicslab3\main.cpp(179): warning C4244: 'argument' : conversion from 'int' to 'GLfloat', possible loss of data
     1>c:\users\алексей\documents\visual studio 2013\projects\compgraphicslab3\compgraphicslab3\main.cpp(192): warning C4244: 'argument' : conversion from 'GLdouble' to 'GLfloat', possible loss of data
     1>c:\users\алексей\documents\visual studio 2013\projects\compgraphicslab3\compgraphicslab3\main.cpp(194): warning C4244: 'argument' : conversion from 'GLdouble' to 'GLfloat', possible loss of data
     1>c:\users\алексей\documents\visual studio 2013\projects\compgraphicslab3\compgraphicslab3\main.cpp(287): warning C4244: 'argument' : conversion from 'int' to 'GLfloat', possible loss of data
     1>c:\users\алексей\documents\visual studio 2013\projects\compgraphicslab3\compgraphicslab3\main.cpp(386): warning C4244: 'argument' : conversion from 'int' to 'GLfloat', possible loss of data
     1>c:\users\алексей\documents\visual studio 2013\projects\compgraphicslab3\compgraphicslab3\main.cpp(387): warning C4305: 'argument' : truncation from 'double' to 'GLfloat'
     1>c:\users\алексей\documents\visual studio 2013\projects\compgraphicslab3\compgraphicslab3\main.cpp(412): warning C4244: 'argument' : conversion from 'int' to 'GLfloat', possible loss of data
     1>c:\users\алексей\documents\visual studio 2013\projects\compgraphicslab3\compgraphicslab3\main.cpp(429): warning C4244: 'argument' : conversion from 'int' to 'GLfloat', possible loss of data
     1>c:\users\алексей\documents\visual studio 2013\projects\compgraphicslab3\compgraphicslab3\main.cpp(454): warning C4244: 'argument' : conversion from 'int' to 'GLfloat', possible loss of data
     1>c:\users\алексей\documents\visual studio 2013\projects\compgraphicslab3\compgraphicslab3\main.cpp(587): warning C4305: '+=' : truncation from 'double' to 'float'
     1>c:\users\алексей\documents\visual studio 2013\projects\compgraphicslab3\compgraphicslab3\main.cpp(594): warning C4305: '-=' : truncation from 'double' to 'float'
     1>c:\users\алексей\documents\visual studio 2013\projects\compgraphicslab3\compgraphicslab3\main.cpp(607): warning C4305: 'argument' : truncation from 'double' to 'GLclampf'
     1>c:\users\алексей\documents\visual studio 2013\projects\compgraphicslab3\compgraphicslab3\main.cpp(620): warning C4244: 'argument' : conversion from 'float' to 'int', possible loss of data
       Link:
         C:\Program Files (x86)\Microsoft Visual Studio 12.0\VC\bin\link.exe /ERRORREPORT:PROMPT /OUT:"C:\Users\алексей\Documents\Visual Studio 2013\Projects\CompGraphicsLab3\Debug\CompGraphicsLab3.exe" /INCREMENTAL /NOLOGO "C:\Users\алексей\Documents\Visual Studio 2013\Projects\CompGraphicsLab3\packages\nupengl.core.0.1.0.1\build\native\../..//build/native/lib/Win32\glew32.lib" "C:\Users\алексей\Documents\Visual Studio 2013\Projects\CompGraphicsLab3\packages\nupengl.core.0.1.0.1\build\native\../..//build/native/lib/Win32\glfw3dll.lib" "C:\Users\алексей\Documents\Visual Studio 2013\Projects\CompGraphicsLab3\packages\nupengl.core.0.1.0.1\build\native\../..//build/native/lib/Win32\freeglut.lib" kernel32.lib user32.lib gdi32.lib winspool.lib comdlg32.lib advapi32.lib shell32.lib ole32.lib oleaut32.lib uuid.lib odbc32.lib odbccp32.lib /MANIFEST /MANIFESTUAC:"level='asInvoker' uiAccess='false'" /manifest:embed /DEBUG /PDB:"C:\Users\алексей\Documents\Visual Studio 2013\Projects\CompGraphicsLab3\Debug\CompGraphicsLab3.pdb" /SUBSYSTEM:CONSOLE /TLBID:1 /DYNAMICBASE /NXCOMPAT /IMPLIB:"C:\Users\алексей\Documents\Visual Studio 2013\Projects\CompGraphicsLab3\Debug\CompGraphicsLab3.lib" /MACHINE:X86 Debug\Main.obj
         CompGraphicsLab3.vcxproj -> C:\Users\алексей\Documents\Visual Studio 2013\Projects\CompGraphicsLab3\Debug\CompGraphicsLab3.exe
     1>Done Building Project "C:\Users\алексей\Documents\Visual Studio 2013\Projects\CompGraphicsLab3\CompGraphicsLab3\CompGraphicsLab3.vcxproj" (Build target(s)).

Build succeeded.

Time Elapsed 00:00:01.21
